<?xml version="1.0" encoding="UTF-8"?>
<!-- Generated by org.testng.reporters.JUnitReportReporter -->
<testsuite hostname="BDC7-L-6441QZG" name="com.ibibo.TestSuite.TC_002_SearchFlight" tests="3" failures="0" timestamp="16 Jul 2019 18:29:29 GMT" time="176.142" errors="0">
  <testcase name="searchFlight" time="17.418" classname="com.ibibo.TestSuite.TC_002_SearchFlight"/>
  <testcase name="validatePageElementsOfHomePage" time="1.987" classname="com.ibibo.TestSuite.TC_002_SearchFlight"/>
  <testcase name="searchFlightInCostDecendingOrder" time="156.737" classname="com.ibibo.TestSuite.TC_002_SearchFlight"/>
</testsuite> <!-- com.ibibo.TestSuite.TC_002_SearchFlight -->
